{
  "stats": {
    "suites": 1,
    "tests": 1,
    "passes": 1,
    "pending": 0,
    "failures": 0,
    "start": "2023-04-12T11:38:13.430Z",
    "end": "2023-04-12T11:38:52.529Z",
    "duration": 39099,
    "testsRegistered": 1,
    "passPercent": 100,
    "pendingPercent": 0,
    "other": 0,
    "hasOther": false,
    "skipped": 0,
    "hasSkipped": false
  },
  "results": [
    {
      "uuid": "3ec0d73c-fad5-44cc-83fe-df2adb60b9b8",
      "title": "",
      "fullFile": "cypress/e2e/Betika/allTests.spec.cy.js",
      "file": "cypress/e2e/Betika/allTests.spec.cy.js",
      "beforeHooks": [],
      "afterHooks": [],
      "tests": [],
      "suites": [
        {
          "uuid": "db257505-6bf0-4061-8b5e-03468866b186",
          "title": "login authentication",
          "fullFile": "",
          "file": "",
          "beforeHooks": [],
          "afterHooks": [],
          "tests": [
            {
              "title": "Verify user is able to place a bet after logging in",
              "fullTitle": "login authentication Verify user is able to place a bet after logging in",
              "timedOut": null,
              "duration": 34681,
              "state": "passed",
              "speed": "slow",
              "pass": true,
              "fail": false,
              "pending": false,
              "context": null,
              "code": "let totalOdds = 0;\nplaceBet.firtBet().invoke(\"text\").then(odd => {\n  totalOdds += Number(odd);\n});\nplaceBet.firtBet().click({\n  force: true\n});\nplaceBet.betSlip().invoke(\"text\").then(count => {\n  expect(Number(count)).to.eq(1);\n});\nplaceBet.secondBet().invoke(\"text\").then(odd => {\n  totalOdds += Number(odd);\n});\nplaceBet.secondBet().click({\n  force: true\n});\nplaceBet.betSlip().invoke(\"text\").then(count => {\n  expect(Number(count)).to.eq(2);\n});\nplaceBet.betSlip().click();\n// There is a bug in the app that is causing the test to fail. That is why I commented it out.\n// placeBet.dTotalOdd().invoke(\"text\").then((total) => {\n//     expect(totalOdds).to.equal(Number(total));\n// })\nplaceBet.betAmount().focus().clear().invoke('val', 1).trigger('input').should('have.value', '1');\nplaceBet.placeABet().scrollIntoView().click({\n  force: true\n});\ncy.wait(3000);\nplaceBet.dNotificationMsg().should(\"be.visible\").invoke(\"text\").then(message => {\n  expect(message).to.include('confirmed. Possible win Ksh2.95 from Ksh0.93 stake. New Betika balance Ksh2.41-- Follow the results at betika.com/b/');\n});\nplaceBet.dNotificationTitle().should(\"be.visible\").invoke(\"text\").then(title => {\n  expect(title).to.equal(\"Bet Placement Successful\");\n});\n// placeBet.insufficientFundsErr().invoke(\"text\").then((message) => {\n//     expect(message).to.equal('Your current balance is too low to place this bet. Deposit now.')\n// })",
              "err": {},
              "uuid": "d38c9851-e93d-48c1-a52e-81fad2b3aadf",
              "parentUUID": "db257505-6bf0-4061-8b5e-03468866b186",
              "isHook": false,
              "skipped": false
            }
          ],
          "suites": [],
          "passes": [
            "d38c9851-e93d-48c1-a52e-81fad2b3aadf"
          ],
          "failures": [],
          "pending": [],
          "skipped": [],
          "duration": 34681,
          "root": false,
          "rootEmpty": false,
          "_timeout": 2000
        }
      ],
      "passes": [],
      "failures": [],
      "pending": [],
      "skipped": [],
      "duration": 0,
      "root": true,
      "rootEmpty": true,
      "_timeout": 2000
    }
  ],
  "meta": {
    "mocha": {
      "version": "7.0.1"
    },
    "mochawesome": {
      "options": {
        "quiet": false,
        "reportFilename": "mochawesome",
        "saveHtml": true,
        "saveJson": true,
        "consoleReporter": "spec",
        "useInlineDiffs": false,
        "code": true
      },
      "version": "7.1.3"
    },
    "marge": {
      "options": {
        "reporterEnabled": "mochawesome",
        "mochawesomeReporterOptions": {
          "reportDir": "cypress/report",
          "quite": true,
          "overwrite": false,
          "html": false,
          "json": true
        }
      },
      "version": "6.2.0"
    }
  }
}